<?xml version="1.0" encoding="UTF-8"?>
<robot generator="Robot 4.1.3 (Python 3.10.2 on win32)" generated="20240923 14:45:15.234" rpa="false" schemaversion="2">
<suite id="s1" name="Test" source="C:\Users\mbraga7\Downloads\api\robot\test.robot">
<test id="s1-t1" name="Realizar login no sistema e navegar pelos módulos">
<kw name="Dado que o sistema está acessível na página de login" library="keywords">
<kw name="Open Browser" library="SeleniumLibrary">
<arg>${URL}</arg>
<arg>${BROWSER}</arg>
<doc>Opens a new browser instance to the optional ``url``.</doc>
<msg timestamp="20240923 14:45:16.471" level="INFO">Opening browser 'edge' to base url 'https://opensource-demo.orangehrmlive.com/web/index.php/auth/login'.</msg>
<status status="PASS" starttime="20240923 14:45:16.471" endtime="20240923 14:45:50.493"/>
</kw>
<kw name="Wait Until Page Contains Element" library="SeleniumLibrary">
<arg>//input[@name="username"]</arg>
<arg>120s</arg>
<doc>Waits until the element ``locator`` appears on the current page.</doc>
<status status="PASS" starttime="20240923 14:45:50.493" endtime="20240923 14:45:51.908"/>
</kw>
<status status="PASS" starttime="20240923 14:45:16.470" endtime="20240923 14:45:51.909"/>
</kw>
<kw name="Quando eu fizer login com credenciais válidas" library="keywords">
<kw name="Input Text" library="SeleniumLibrary">
<arg>//input[@name="username"]</arg>
<arg>${USERNAME}</arg>
<doc>Types the given ``text`` into the text field identified by ``locator``.</doc>
<msg timestamp="20240923 14:45:51.911" level="INFO">Typing text 'Admin' into text field '//input[@name="username"]'.</msg>
<status status="PASS" starttime="20240923 14:45:51.910" endtime="20240923 14:45:52.140"/>
</kw>
<kw name="Input Text" library="SeleniumLibrary">
<arg>//input[@name="password"]</arg>
<arg>${PASSWORD}</arg>
<doc>Types the given ``text`` into the text field identified by ``locator``.</doc>
<msg timestamp="20240923 14:45:52.141" level="INFO">Typing text 'admin123' into text field '//input[@name="password"]'.</msg>
<status status="PASS" starttime="20240923 14:45:52.141" endtime="20240923 14:45:52.508"/>
</kw>
<kw name="Click Element" library="SeleniumLibrary">
<arg>//button[@class="oxd-button oxd-button--medium oxd-button--main orangehrm-login-button"]</arg>
<doc>Click the element identified by ``locator``.</doc>
<msg timestamp="20240923 14:45:52.509" level="INFO">Clicking element '//button[@class="oxd-button oxd-button--medium oxd-button--main orangehrm-login-button"]'.</msg>
<status status="PASS" starttime="20240923 14:45:52.508" endtime="20240923 14:45:52.697"/>
</kw>
<status status="PASS" starttime="20240923 14:45:51.910" endtime="20240923 14:45:52.697"/>
</kw>
<kw name="Então o sistema deve permitir a navegação pelos módulos principais" library="keywords">
<kw name="Wait Until Page Contains Element" library="SeleniumLibrary">
<arg>//a[@href="/web/index.php/admin/viewAdminModule"]</arg>
<doc>Waits until the element ``locator`` appears on the current page.</doc>
<status status="PASS" starttime="20240923 14:45:52.701" endtime="20240923 14:45:55.047"/>
</kw>
<kw name="Click Link" library="SeleniumLibrary">
<arg>//a[@href="/web/index.php/admin/viewAdminModule"]</arg>
<doc>Clicks a link identified by ``locator``.</doc>
<msg timestamp="20240923 14:45:55.048" level="INFO">Clicking link '//a[@href="/web/index.php/admin/viewAdminModule"]'.</msg>
<status status="PASS" starttime="20240923 14:45:55.048" endtime="20240923 14:45:56.887"/>
</kw>
<kw name="Wait Until Page Contains Element" library="SeleniumLibrary">
<arg>//a[@href="/web/index.php/pim/viewPimModule"]</arg>
<doc>Waits until the element ``locator`` appears on the current page.</doc>
<status status="PASS" starttime="20240923 14:45:56.887" endtime="20240923 14:45:57.518"/>
</kw>
<kw name="Click Link" library="SeleniumLibrary">
<arg>//a[@href="/web/index.php/pim/viewPimModule"]</arg>
<doc>Clicks a link identified by ``locator``.</doc>
<msg timestamp="20240923 14:45:57.519" level="INFO">Clicking link '//a[@href="/web/index.php/pim/viewPimModule"]'.</msg>
<status status="PASS" starttime="20240923 14:45:57.519" endtime="20240923 14:45:58.859"/>
</kw>
<kw name="Capture Page Screenshot" library="SeleniumLibrary">
<arg>Dashboard.png</arg>
<doc>Takes a screenshot of the current page and embeds it into a log file.</doc>
<msg timestamp="20240923 14:45:59.062" level="INFO" html="true">&lt;/td&gt;&lt;/tr&gt;&lt;tr&gt;&lt;td colspan="3"&gt;&lt;a href="Dashboard.png"&gt;&lt;img src="Dashboard.png" width="800px"&gt;&lt;/a&gt;</msg>
<status status="PASS" starttime="20240923 14:45:58.859" endtime="20240923 14:45:59.063"/>
</kw>
<status status="PASS" starttime="20240923 14:45:52.699" endtime="20240923 14:45:59.063"/>
</kw>
<doc>Caso de teste para realizar login e navegar pelos módulos principais.</doc>
<status status="PASS" starttime="20240923 14:45:16.469" endtime="20240923 14:45:59.065"/>
</test>
<test id="s1-t2" name="Adicionar um novo funcionário na seção PIM">
<kw name="Dado que estou na página PIM" library="keywords">
<kw name="Wait Until Page Contains Element" library="SeleniumLibrary">
<arg>//a[@href="/web/index.php/pim/viewPimModule"]</arg>
<doc>Waits until the element ``locator`` appears on the current page.</doc>
<status status="PASS" starttime="20240923 14:45:59.069" endtime="20240923 14:45:59.460"/>
</kw>
<kw name="Click Link" library="SeleniumLibrary">
<arg>//a[@href="/web/index.php/pim/viewPimModule"]</arg>
<doc>Clicks a link identified by ``locator``.</doc>
<msg timestamp="20240923 14:45:59.461" level="INFO">Clicking link '//a[@href="/web/index.php/pim/viewPimModule"]'.</msg>
<status status="PASS" starttime="20240923 14:45:59.461" endtime="20240923 14:46:00.961"/>
</kw>
<status status="PASS" starttime="20240923 14:45:59.068" endtime="20240923 14:46:00.962"/>
</kw>
<kw name="Quando eu preencher os dados do novo funcionário e salvar" library="keywords">
<kw name="Wait Until Page Contains Element" library="SeleniumLibrary">
<arg>(//button[@type="button"])[5]</arg>
<arg>120s</arg>
<doc>Waits until the element ``locator`` appears on the current page.</doc>
<status status="PASS" starttime="20240923 14:46:00.963" endtime="20240923 14:46:01.578"/>
</kw>
<kw name="Click Element" library="SeleniumLibrary">
<arg>(//button[@type="button"])[5]</arg>
<doc>Click the element identified by ``locator``.</doc>
<msg timestamp="20240923 14:46:01.579" level="INFO">Clicking element '(//button[@type="button"])[5]'.</msg>
<status status="PASS" starttime="20240923 14:46:01.578" endtime="20240923 14:46:02.832"/>
</kw>
<kw name="Wait Until Page Contains Element" library="SeleniumLibrary">
<arg>//input[@name="firstName"]</arg>
<doc>Waits until the element ``locator`` appears on the current page.</doc>
<status status="PASS" starttime="20240923 14:46:02.832" endtime="20240923 14:46:03.474"/>
</kw>
<kw name="Input Text" library="SeleniumLibrary">
<arg>//input[@name="firstName"]</arg>
<arg>Test</arg>
<doc>Types the given ``text`` into the text field identified by ``locator``.</doc>
<msg timestamp="20240923 14:46:03.475" level="INFO">Typing text 'Test' into text field '//input[@name="firstName"]'.</msg>
<status status="PASS" starttime="20240923 14:46:03.475" endtime="20240923 14:46:03.770"/>
</kw>
<kw name="Input Text" library="SeleniumLibrary">
<arg>//input[@name="lastName"]</arg>
<arg>Automation</arg>
<doc>Types the given ``text`` into the text field identified by ``locator``.</doc>
<msg timestamp="20240923 14:46:03.773" level="INFO">Typing text 'Automation' into text field '//input[@name="lastName"]'.</msg>
<status status="PASS" starttime="20240923 14:46:03.771" endtime="20240923 14:46:04.148"/>
</kw>
<kw name="Click Element" library="SeleniumLibrary">
<arg>//button[@class="oxd-button oxd-button--medium oxd-button--secondary orangehrm-left-space"]</arg>
<doc>Click the element identified by ``locator``.</doc>
<msg timestamp="20240923 14:46:04.148" level="INFO">Clicking element '//button[@class="oxd-button oxd-button--medium oxd-button--secondary orangehrm-left-space"]'.</msg>
<status status="PASS" starttime="20240923 14:46:04.148" endtime="20240923 14:46:04.312"/>
</kw>
<status status="PASS" starttime="20240923 14:46:00.962" endtime="20240923 14:46:04.312"/>
</kw>
<kw name="Então o funcionário deve ser adicionado com sucesso" library="keywords">
<kw name="Capture Page Screenshot" library="SeleniumLibrary">
<arg>2.NovoFuncionario.png</arg>
<doc>Takes a screenshot of the current page and embeds it into a log file.</doc>
<msg timestamp="20240923 14:46:04.632" level="INFO" html="true">&lt;/td&gt;&lt;/tr&gt;&lt;tr&gt;&lt;td colspan="3"&gt;&lt;a href="2.NovoFuncionario.png"&gt;&lt;img src="2.NovoFuncionario.png" width="800px"&gt;&lt;/a&gt;</msg>
<status status="PASS" starttime="20240923 14:46:04.314" endtime="20240923 14:46:04.632"/>
</kw>
<status status="PASS" starttime="20240923 14:46:04.313" endtime="20240923 14:46:04.633"/>
</kw>
<doc>Caso de teste para adicionar um novo funcionário.</doc>
<status status="PASS" starttime="20240923 14:45:59.067" endtime="20240923 14:46:04.635"/>
</test>
<test id="s1-t3" name="Editar dados de um funcionário existente">
<kw name="Dado que estou na página de detalhes do funcionário" library="keywords">
<kw name="Wait Until Page Contains Element" library="SeleniumLibrary">
<arg>//a[@href="/web/index.php/pim/viewPersonalDetails/empNumber/208"]</arg>
<doc>Waits until the element ``locator`` appears on the current page.</doc>
<msg timestamp="20240923 14:46:10.047" level="INFO" html="true">&lt;/td&gt;&lt;/tr&gt;&lt;tr&gt;&lt;td colspan="3"&gt;&lt;a href="selenium-screenshot-13.png"&gt;&lt;img src="selenium-screenshot-13.png" width="800px"&gt;&lt;/a&gt;</msg>
<msg timestamp="20240923 14:46:10.078" level="FAIL">Element '//a[@href="/web/index.php/pim/viewPersonalDetails/empNumber/208"]' did not appear in 5 seconds.</msg>
<status status="FAIL" starttime="20240923 14:46:04.642" endtime="20240923 14:46:10.078"/>
</kw>
<kw name="Click Link" library="SeleniumLibrary">
<arg>//a[@href="/web/index.php/pim/viewPersonalDetails/empNumber/208"]</arg>
<doc>Clicks a link identified by ``locator``.</doc>
<status status="NOT RUN" starttime="20240923 14:46:10.079" endtime="20240923 14:46:10.079"/>
</kw>
<status status="FAIL" starttime="20240923 14:46:04.641" endtime="20240923 14:46:10.080"/>
</kw>
<kw name="Quando eu modificar os dados e salvar" library="keywords">
<status status="NOT RUN" starttime="20240923 14:46:10.082" endtime="20240923 14:46:10.082"/>
</kw>
<kw name="Então os dados do funcionário devem ser atualizados com sucesso" library="keywords">
<status status="NOT RUN" starttime="20240923 14:46:10.083" endtime="20240923 14:46:10.084"/>
</kw>
<doc>Caso de teste para editar um funcionário existente.</doc>
<status status="FAIL" starttime="20240923 14:46:04.639" endtime="20240923 14:46:10.085">Element '//a[@href="/web/index.php/pim/viewPersonalDetails/empNumber/208"]' did not appear in 5 seconds.</status>
</test>
<test id="s1-t4" name="Excluir um funcionário existente">
<kw name="Dado que estou na lista de funcionários" library="keywords">
<kw name="Wait Until Page Contains Element" library="SeleniumLibrary">
<arg>//i[@class="oxd-icon bi-trash"]</arg>
<doc>Waits until the element ``locator`` appears on the current page.</doc>
<msg timestamp="20240923 14:46:15.516" level="INFO" html="true">&lt;/td&gt;&lt;/tr&gt;&lt;tr&gt;&lt;td colspan="3"&gt;&lt;a href="selenium-screenshot-14.png"&gt;&lt;img src="selenium-screenshot-14.png" width="800px"&gt;&lt;/a&gt;</msg>
<msg timestamp="20240923 14:46:15.526" level="FAIL">Element '//i[@class="oxd-icon bi-trash"]' did not appear in 5 seconds.</msg>
<status status="FAIL" starttime="20240923 14:46:10.094" endtime="20240923 14:46:15.526"/>
</kw>
<status status="FAIL" starttime="20240923 14:46:10.092" endtime="20240923 14:46:15.528"/>
</kw>
<kw name="Quando eu selecionar um funcionário para exclusão" library="keywords">
<status status="NOT RUN" starttime="20240923 14:46:15.529" endtime="20240923 14:46:15.529"/>
</kw>
<kw name="Então o funcionário deve ser removido com sucesso" library="keywords">
<status status="NOT RUN" starttime="20240923 14:46:15.530" endtime="20240923 14:46:15.530"/>
</kw>
<doc>Caso de teste para excluir um funcionário.</doc>
<status status="FAIL" starttime="20240923 14:46:10.090" endtime="20240923 14:46:15.531">Element '//i[@class="oxd-icon bi-trash"]' did not appear in 5 seconds.</status>
</test>
<test id="s1-t5" name="Sair do sistema">
<kw name="Dado que estou logado no sistema" library="keywords">
<msg timestamp="20240923 14:46:15.540" level="FAIL">User keyword 'Dado que estou logado no sistema' contains no keywords.</msg>
<status status="FAIL" starttime="20240923 14:46:15.538" endtime="20240923 14:46:15.540"/>
</kw>
<kw name="Quando eu realizar o logout" library="keywords">
<status status="NOT RUN" starttime="20240923 14:46:15.545" endtime="20240923 14:46:15.546"/>
</kw>
<kw name="Então o navegador deve ser fechado" library="keywords">
<status status="NOT RUN" starttime="20240923 14:46:15.548" endtime="20240923 14:46:15.548"/>
</kw>
<doc>Caso de teste para realizar logout do sistema.</doc>
<status status="FAIL" starttime="20240923 14:46:15.534" endtime="20240923 14:46:15.552">User keyword 'Dado que estou logado no sistema' contains no keywords.</status>
</test>
<status status="FAIL" starttime="20240923 14:45:15.254" endtime="20240923 14:46:15.564"/>
</suite>
<statistics>
<total>
<stat pass="2" fail="3" skip="0">All Tests</stat>
</total>
<tag>
</tag>
<suite>
<stat pass="2" fail="3" skip="0" id="s1" name="Test">Test</stat>
</suite>
</statistics>
<errors>
<msg timestamp="20240923 14:45:16.465" level="ERROR">Error in file 'C:\Users\mbraga7\Downloads\api\robot\test.robot' on line 3: Importing library 'YAML' failed: ModuleNotFoundError: No module named 'YAML'
Traceback (most recent call last):
  None
PYTHONPATH:
  C:\Users\mbraga7\.local\pipx\venvs\cumulusci\Scripts\robot.exe
  C:\Users\mbraga7\AppData\Local\Programs\Python\Python310\python310.zip
  C:\Users\mbraga7\AppData\Local\Programs\Python\Python310\DLLs
  C:\Users\mbraga7\AppData\Local\Programs\Python\Python310\lib
  C:\Users\mbraga7\AppData\Local\Programs\Python\Python310
  C:\Users\mbraga7\.local\pipx\venvs\cumulusci
  C:\Users\mbraga7\.local\pipx\venvs\cumulusci\lib\site-packages
  C:\Users\mbraga7\.local\pipx\shared\Lib\site-packages</msg>
</errors>
</robot>
